#
# A fatal error has been detected by the Java Runtime Environment:
#
#  EXCEPTION_ACCESS_VIOLATION (0xc0000005) at pc=0x000000006db34305, pid=7044, tid=936
#
# JRE version: 6.0_45-b06
# Java VM: Java HotSpot(TM) 64-Bit Server VM (20.45-b01 mixed mode windows-amd64 compressed oops)
# Problematic frame:
# V  [jvm.dll+0x254305]
#
# If you would like to submit a bug report, please visit:
#   http://java.sun.com/webapps/bugreport/crash.jsp
#

---------------  T H R E A D  ---------------

Current thread (0x000000000051d000):  VMThread [stack: 0x0000000006780000,0x0000000006880000] [id=936]

siginfo: ExceptionCode=0xc0000005, reading address 0x00000000000000c0

Registers:
RAX=0x0000000000000000, RBX=0x0000000762a95978, RCX=0x0000000008080818, RDX=0x0000000762a95978
RSP=0x000000000687f620, RBP=0x0000000000000000, RSI=0x00000000003fa7d0, RDI=0x0000000008c23b50
R8 =0x0000000000000ff0, R9 =0x0000000008c24b60, R10=0x00000000000001fe, R11=0x0000000762ac2ee0
R12=0x00000000004739f0, R13=0x00000000003fd060, R14=0x0000000000474310, R15=0x0000000000000000
RIP=0x000000006db34305, EFLAGS=0x0000000000010202

Top of Stack: (sp=0x000000000687f620)
0x000000000687f620:   000000078094b140 0000000000000000
0x000000000687f630:   0000000762aed3f0 0000000008c23b50
0x000000000687f640:   00000000004739f0 000000006dca9ef0
0x000000000687f650:   0000000000000000 0000000000473960
0x000000000687f660:   00000000003fa7d0 000000006dfff230
0x000000000687f670:   0000000000467d80 000000006dcb7a42
0x000000000687f680:   000000006deae148 0000000000000000
0x000000000687f690:   000000006dfff230 0000000000000c01
0x000000000687f6a0:   0000000000010100 0000000000000000
0x000000000687f6b0:   0000000000525000 0000000000000000
0x000000000687f6c0:   00000000078bb6c8 0000000000467d80
0x000000000687f6d0:   00000000004739f0 000000006dcaaafb
0x000000000687f6e0:   0000000000519a01 0000000000473960
0x000000000687f6f0:   0000000000000000 00000000005199b0
0x000000000687f700:   0000000000467d01 0000000002ef9c01
0x000000000687f710:   0000000002efb001 0000000000510001 

Instructions: (pc=0x000000006db34305)
0x000000006db342e5:   b6 0d 55 4f 4b 00 48 d3 e0 48 03 05 43 4f 4b 00
0x000000006db342f5:   eb 04 48 8b 43 08 48 8d 48 10 48 8b d3 48 8b 01
0x000000006db34305:   ff 90 c0 00 00 00 48 8b 0d 26 ad 4c 00 48 85 c9
0x000000006db34315:   0f 85 15 ff ff ff 48 8b 15 06 ae 4c 00 48 85 d2 


Register to memory mapping:

RAX=0x0000000000000000 is an unknown value
RBX=0x0000000762a95978 is an oop
[B 
 - klass: {type array byte}
 - length: 869
RCX=0x0000000008080818 is an unknown value
RDX=0x0000000762a95978 is an oop
[B 
 - klass: {type array byte}
 - length: 869
RSP=0x000000000687f620 is an unknown value
RBP=0x0000000000000000 is an unknown value
RSI=0x00000000003fa7d0 is an unknown value
RDI=0x0000000008c23b50 is an unknown value
R8 =0x0000000000000ff0 is an unknown value
R9 =0x0000000008c24b60 is an unknown value
R10=0x00000000000001fe is an unknown value
R11=0x0000000762ac2ee0 is an oop
{instance class} 
 - klass: {other class}
R12=0x00000000004739f0 is an unknown value
R13=0x00000000003fd060 is an unknown value
R14=0x0000000000474310 is an unknown value
R15=0x0000000000000000 is an unknown value


Stack: [0x0000000006780000,0x0000000006880000],  sp=0x000000000687f620,  free space=1021k
Native frames: (J=compiled Java code, j=interpreted, Vv=VM code, C=native code)
V  [jvm.dll+0x254305]

[error occurred during error reporting (printing native stack), id 0xc0000005]

VM_Operation (0x000000000eccf770): ParallelGCSystemGC, mode: safepoint, requested by thread 0x000000000898e800


---------------  P R O C E S S  ---------------

Java Threads: ( => current thread )
  0x000000000b7a2000 JavaThread "RMI TCP Connection(idle)" daemon [_thread_blocked, id=4532, stack(0x000000000e4d0000,0x000000000e5d0000)]
  0x000000000b79f800 JavaThread "http-bio-0.0.0.0-8443-exec-57" daemon [_thread_blocked, id=9832, stack(0x000000000e2d0000,0x000000000e3d0000)]
  0x000000000b7a0800 JavaThread "http-bio-0.0.0.0-8443-exec-49" daemon [_thread_blocked, id=9084, stack(0x000000000efd0000,0x000000000f0d0000)]
  0x000000000b7a4800 JavaThread "Java2D Disposer" daemon [_thread_blocked, id=8180, stack(0x00000000150f0000,0x00000000151f0000)]
  0x000000000b7a4000 JavaThread "http-bio-0.0.0.0-8080-exec-2" daemon [_thread_blocked, id=7736, stack(0x0000000014e30000,0x0000000014f30000)]
  0x000000000b7a2800 JavaThread "http-bio-0.0.0.0-8080-exec-1" daemon [_thread_blocked, id=6032, stack(0x0000000014ca0000,0x0000000014da0000)]
  0x000000000a8e7000 JavaThread "ReferenceCleaner" daemon [_thread_blocked, id=5316, stack(0x000000000fad0000,0x000000000fbd0000)]
  0x000000000a8e8800 JavaThread "OFBiz-JobQueue-1" [_thread_blocked, id=1908, stack(0x000000000f9d0000,0x000000000fad0000)]
  0x000000000a8e6800 JavaThread "OFBiz-JobQueue-0" [_thread_blocked, id=5856, stack(0x000000000f0d0000,0x000000000f1d0000)]
  0x000000000a8e8000 JavaThread "DestroyJavaVM" [_thread_blocked, id=6816, stack(0x00000000023b0000,0x00000000024b0000)]
  0x000000000af53800 JavaThread "http-bio-0.0.0.0-8443-AsyncTimeout" daemon [_thread_blocked, id=788, stack(0x000000000f8d0000,0x000000000f9d0000)]
  0x000000000af52800 JavaThread "http-bio-0.0.0.0-8443-Acceptor-0" daemon [_thread_in_native, id=5156, stack(0x000000000f7d0000,0x000000000f8d0000)]
  0x000000000af52000 JavaThread "http-bio-0.0.0.0-8080-AsyncTimeout" daemon [_thread_blocked, id=7088, stack(0x000000000f6d0000,0x000000000f7d0000)]
  0x000000000af51000 JavaThread "http-bio-0.0.0.0-8080-Acceptor-0" daemon [_thread_in_native, id=5028, stack(0x000000000f5d0000,0x000000000f6d0000)]
  0x000000000af50800 JavaThread "ajp-bio-0.0.0.0-8009-AsyncTimeout" daemon [_thread_blocked, id=5388, stack(0x000000000f4d0000,0x000000000f5d0000)]
  0x0000000008994000 JavaThread "ajp-bio-0.0.0.0-8009-Acceptor-0" daemon [_thread_in_native, id=6880, stack(0x000000000f3d0000,0x000000000f4d0000)]
  0x0000000008993800 JavaThread "ContainerBackgroundProcessor[StandardEngine[default-server]]" daemon [_thread_blocked, id=6012, stack(0x000000000f2d0000,0x000000000f3d0000)]
  0x0000000008993000 JavaThread "ContainerBackgroundProcessor[StandardEngine[default-server].StandardHost[0.0.0.0]]" daemon [_thread_blocked, id=5356, stack(0x000000000f1d0000,0x000000000f2d0000)]
  0x0000000008990800 JavaThread "RMI RenewClean-[192.168.1.95:50489,org.ofbiz.service.rmi.socket.ssl.SSLClientSocketFactory@6962fd7e]" daemon [_thread_blocked, id=5836, stack(0x000000000eed0000,0x000000000efd0000)]
  0x0000000008990000 JavaThread "RMI Scheduler(0)" daemon [_thread_blocked, id=3168, stack(0x000000000edd0000,0x000000000eed0000)]
  0x000000000898e800 JavaThread "GC Daemon" daemon [_thread_blocked, id=3768, stack(0x000000000ebd0000,0x000000000ecd0000)]
  0x000000000898d800 JavaThread "RMI Reaper" [_thread_blocked, id=4744, stack(0x000000000ead0000,0x000000000ebd0000)]
  0x000000000898d000 JavaThread "RMI TCP Accept-0" daemon [_thread_in_native, id=3804, stack(0x000000000e9d0000,0x000000000ead0000)]
  0x000000000898c800 JavaThread "RMI TCP Accept-1099" daemon [_thread_in_native, id=5004, stack(0x000000000e8d0000,0x000000000e9d0000)]
  0x000000000898b800 JavaThread "OFBiz-JobPoller" [_thread_blocked, id=5420, stack(0x000000000e7d0000,0x000000000e8d0000)]
  0x000000000898b000 JavaThread "Thread-18" daemon [_thread_blocked, id=3820, stack(0x000000000e6d0000,0x000000000e7d0000)]
  0x000000000898a000 JavaThread "OFBiz-config-3" daemon [_thread_blocked, id=5436, stack(0x000000000e5d0000,0x000000000e6d0000)]
  0x0000000008989800 JavaThread "OFBiz-entity-datasource(localderbytenant)-0" daemon [_thread_blocked, id=5268, stack(0x000000000e090000,0x000000000e190000)]
  0x0000000008988800 JavaThread "OFBiz-entity-datasource(localderbyolap)-0" daemon [_thread_blocked, id=1020, stack(0x000000000df90000,0x000000000e090000)]
  0x0000000008988000 JavaThread "derby.rawStoreDaemon" daemon [_thread_blocked, id=2068, stack(0x000000000de90000,0x000000000df90000)]
  0x0000000008987000 JavaThread "derby.rawStoreDaemon" daemon [_thread_blocked, id=6184, stack(0x000000000dc50000,0x000000000dd50000)]
  0x0000000008986800 JavaThread "OFBiz-entity-datasource(localpostgres)-0" daemon [_thread_blocked, id=5348, stack(0x000000000db50000,0x000000000dc50000)]
  0x0000000008986000 JavaThread "Timer-1" daemon [_thread_blocked, id=1316, stack(0x000000000c230000,0x000000000c330000)]
  0x0000000008985000 JavaThread "Timer-0" daemon [_thread_blocked, id=4492, stack(0x000000000c130000,0x000000000c230000)]
  0x0000000009683800 JavaThread "RetryTimer" daemon [_thread_blocked, id=4080, stack(0x000000000dd70000,0x000000000de70000)]
  0x000000000a371000 JavaThread "OFBiz-config-2" daemon [_thread_blocked, id=6388, stack(0x000000000da50000,0x000000000db50000)]
  0x000000000948e800 JavaThread "OFBiz-config-1" daemon [_thread_blocked, id=6384, stack(0x000000000d950000,0x000000000da50000)]
  0x000000000b15f000 JavaThread "OFBiz-config-0" daemon [_thread_blocked, id=2008, stack(0x000000000d850000,0x000000000d950000)]
  0x000000000b378000 JavaThread "OFBiz-ExecutionPoolPulseWorker-3" daemon [_thread_blocked, id=7160, stack(0x000000000d750000,0x000000000d850000)]
  0x0000000008e6d800 JavaThread "OFBiz-ExecutionPoolPulseWorker-2" daemon [_thread_blocked, id=6140, stack(0x000000000d650000,0x000000000d750000)]
  0x000000000b525800 JavaThread "OFBiz-ExecutionPoolPulseWorker-1" daemon [_thread_blocked, id=7080, stack(0x000000000d550000,0x000000000d650000)]
  0x000000000b461800 JavaThread "OFBiz-ExecutionPoolPulseWorker-0" daemon [_thread_blocked, id=5976, stack(0x000000000c460000,0x000000000c560000)]
  0x0000000007be4800 JavaThread "AsyncAppender-Dispatcher-Thread-3" daemon [_thread_blocked, id=992, stack(0x00000000090c0000,0x00000000091c0000)]
  0x0000000006c03000 JavaThread "OFBiz-AdminPortThread" [_thread_in_native, id=5468, stack(0x0000000007280000,0x0000000007380000)]
  0x0000000006af3000 JavaThread "Low Memory Detector" daemon [_thread_blocked, id=6084, stack(0x0000000007080000,0x0000000007180000)]
  0x0000000006af0000 JavaThread "C2 CompilerThread1" daemon [_thread_blocked, id=4504, stack(0x0000000006f80000,0x0000000007080000)]
  0x0000000006add000 JavaThread "C2 CompilerThread0" daemon [_thread_blocked, id=1048, stack(0x0000000006e80000,0x0000000006f80000)]
  0x0000000006ad5800 JavaThread "Attach Listener" daemon [_thread_blocked, id=532, stack(0x0000000006d80000,0x0000000006e80000)]
  0x0000000006ad0800 JavaThread "Signal Dispatcher" daemon [_thread_blocked, id=3908, stack(0x0000000006c80000,0x0000000006d80000)]
  0x000000000052c000 JavaThread "Finalizer" daemon [_thread_blocked, id=6036, stack(0x0000000006980000,0x0000000006a80000)]
  0x0000000000525000 JavaThread "Reference Handler" daemon [_thread_blocked, id=6820, stack(0x0000000006880000,0x0000000006980000)]

Other Threads:
=>0x000000000051d000 VMThread [stack: 0x0000000006780000,0x0000000006880000] [id=936]
  0x0000000006b06000 WatcherThread [stack: 0x0000000007180000,0x0000000007280000] [id=6312]

VM state:at safepoint (normal execution)

VM Mutex/Monitor currently owned by a thread:  ([mutex/lock_event])
[0x00000000003f99d0] Threads_lock - owner thread: 0x000000000051d000
[0x00000000003f9ed0] Heap_lock - owner thread: 0x000000000898e800

Heap
 PSYoungGen      total 288064K, used 4202K [0x00000007d5560000, 0x00000007eaab0000, 0x0000000800000000)
  eden space 224192K, 0% used [0x00000007d5560000,0x00000007d5560000,0x00000007e3050000)
  from space 63872K, 6% used [0x00000007e6c50000,0x00000007e706a860,0x00000007eaab0000)
  to   space 61440K, 0% used [0x00000007e3050000,0x00000007e3050000,0x00000007e6c50000)
 PSOldGen        total 699072K, used 123629K [0x0000000780000000, 0x00000007aaab0000, 0x00000007d5560000)
  object space 699072K, 17% used [0x0000000780000000,0x00000007878bb6c8,0x00000007aaab0000)
 PSPermGen       total 125184K, used 81494K [0x0000000760000000, 0x0000000767a40000, 0x0000000780000000)
  object space 125184K, 65% used [0x0000000760000000,0x0000000764f95ac0,0x0000000767a40000)

Code Cache  [0x00000000024b0000, 0x0000000002f00000, 0x00000000054b0000)
 total_blobs=2938 nmethods=2011 adapters=879 free_code_cache=39642240 largest_free_block=17920

Dynamic libraries:
0x0000000000400000 - 0x000000000042f000 	C:\Program Files\Java\jdk1.6.0_45\jre\bin\java.exe
0x0000000077be0000 - 0x0000000077d89000 	C:\Windows\SYSTEM32\ntdll.dll
0x00000000779c0000 - 0x0000000077adf000 	C:\Windows\system32\kernel32.dll
0x000007fefda30000 - 0x000007fefda9c000 	C:\Windows\system32\KERNELBASE.dll
0x000007feff090000 - 0x000007feff16b000 	C:\Windows\system32\ADVAPI32.dll
0x000007fefdfa0000 - 0x000007fefe03f000 	C:\Windows\system32\msvcrt.dll
0x000007feff350000 - 0x000007feff36f000 	C:\Windows\SYSTEM32\sechost.dll
0x000007fefdd60000 - 0x000007fefde8d000 	C:\Windows\system32\RPCRT4.dll
0x000000006d8e0000 - 0x000000006e09c000 	C:\Program Files\Java\jdk1.6.0_45\jre\bin\server\jvm.dll
0x0000000077ae0000 - 0x0000000077bda000 	C:\Windows\system32\USER32.dll
0x000007feffc00000 - 0x000007feffc67000 	C:\Windows\system32\GDI32.dll
0x000007feff370000 - 0x000007feff37e000 	C:\Windows\system32\LPK.dll
0x000007feffd70000 - 0x000007feffe39000 	C:\Windows\system32\USP10.dll
0x000007fefba00000 - 0x000007fefba3b000 	C:\Windows\system32\WINMM.dll
0x000007feffec0000 - 0x000007feffeee000 	C:\Windows\system32\IMM32.DLL
0x000007fefde90000 - 0x000007fefdf99000 	C:\Windows\system32\MSCTF.dll
0x000000006d850000 - 0x000000006d85e000 	C:\Program Files\Java\jdk1.6.0_45\jre\bin\verify.dll
0x000000006d460000 - 0x000000006d487000 	C:\Program Files\Java\jdk1.6.0_45\jre\bin\java.dll
0x000000006d8a0000 - 0x000000006d8b2000 	C:\Program Files\Java\jdk1.6.0_45\jre\bin\zip.dll
0x000000006d6c0000 - 0x000000006d6d7000 	C:\Program Files\Java\jdk1.6.0_45\jre\bin\net.dll
0x000007fefe0c0000 - 0x000007fefe10d000 	C:\Windows\system32\WS2_32.dll
0x000007feff940000 - 0x000007feff948000 	C:\Windows\system32\NSI.dll
0x000007fefd140000 - 0x000007fefd195000 	C:\Windows\system32\mswsock.dll
0x000007fefd130000 - 0x000007fefd137000 	C:\Windows\System32\wship6.dll
0x000007fefcb60000 - 0x000007fefcb67000 	C:\Windows\System32\wshtcpip.dll
0x000007fefbff0000 - 0x000007fefc005000 	C:\Windows\system32\NLAapi.dll
0x000007fee87d0000 - 0x000007fee87e5000 	C:\Windows\system32\napinsp.dll
0x000007fee87f0000 - 0x000007fee8809000 	C:\Windows\system32\pnrpnsp.dll
0x000007fee87b0000 - 0x000007fee87c0000 	C:\Windows\system32\wshbth.dll
0x000007fefcfc0000 - 0x000007fefd01b000 	C:\Windows\system32\DNSAPI.dll
0x000007fee87c0000 - 0x000007fee87cb000 	C:\Windows\System32\winrnr.dll
0x000007fefb590000 - 0x000007fefb5b7000 	C:\Windows\system32\IPHLPAPI.DLL
0x000007fefb570000 - 0x000007fefb57b000 	C:\Windows\system32\WINNSI.DLL
0x000007fef8e90000 - 0x000007fef8e98000 	C:\Windows\system32\rasadhlp.dll
0x000007fefaf70000 - 0x000007fefafc3000 	C:\Windows\System32\fwpuclnt.dll
0x000000006d600000 - 0x000000006d60a000 	C:\Program Files\Java\jdk1.6.0_45\jre\bin\management.dll
0x000000006d6e0000 - 0x000000006d6ec000 	C:\Program Files\Java\jdk1.6.0_45\jre\bin\nio.dll
0x000007fefd1a0000 - 0x000007fefd1b7000 	C:\Windows\system32\CRYPTSP.dll
0x000007fefcea0000 - 0x000007fefcee7000 	C:\Windows\system32\rsaenh.dll
0x000007fefdc80000 - 0x000007fefdc9e000 	C:\Windows\system32\USERENV.dll
0x000007fefd9b0000 - 0x000007fefd9bf000 	C:\Windows\system32\profapi.dll
0x000007fefd7a0000 - 0x000007fefd7af000 	C:\Windows\system32\CRYPTBASE.dll
0x000000006d820000 - 0x000000006d82b000 	C:\Program Files\Java\jdk1.6.0_45\jre\bin\sunmscapi.dll
0x000007fefdaa0000 - 0x000007fefdc0c000 	C:\Windows\system32\CRYPT32.dll
0x000007fefd9a0000 - 0x000007fefd9af000 	C:\Windows\system32\MSASN1.dll
0x000000006d760000 - 0x000000006d766000 	C:\Program Files\Java\jdk1.6.0_45\jre\bin\rmi.dll
0x000000006d0a0000 - 0x000000006d264000 	C:\Program Files\Java\jdk1.6.0_45\jre\bin\awt.dll
0x000007fef9c10000 - 0x000007fef9c81000 	C:\Windows\system32\WINSPOOL.DRV
0x000007feff950000 - 0x000007feffb53000 	C:\Windows\system32\ole32.dll
0x000007fefe300000 - 0x000007feff088000 	C:\Windows\system32\SHELL32.dll
0x000007fefe040000 - 0x000007fefe0b1000 	C:\Windows\system32\SHLWAPI.dll
0x000007fefc040000 - 0x000007fefc234000 	C:\Windows\WinSxS\amd64_microsoft.windows.common-controls_6595b64144ccf1df_6.0.7601.17514_none_fa396087175ac9ac\COMCTL32.dll
0x000000006d270000 - 0x000000006d2ad000 	C:\Program Files\Java\jdk1.6.0_45\jre\bin\cmm.dll
0x0000000077da0000 - 0x0000000077da7000 	C:\Windows\system32\PSAPI.DLL
0x000007fef3870000 - 0x000007fef3995000 	C:\Windows\system32\dbghelp.dll

VM Arguments:
jvm_args: -Xms1024M -Xmx2048M -XX:MaxPermSize=512M 
java_command: D:\projects\ofbiz\ofbiz.jar start -portoffset=${portoffset}
Launcher Type: SUN_STANDARD

Environment Variables:
JAVA_HOME=C:\Program Files\Java\jdk1.6.0_45
PATH=C:\Users\simiyu\bin\Sencha\Cmd\5.1.0.26;C:\Windows\system32;C:\Windows;C:\Windows\System32\Wbem;C:\Windows\System32\WindowsPowerShell\v1.0\;C:\Program Files\Java\jdk1.6.0_45\bin;0X0.000000P-1022NT_HOME\bin;C:\Program Files\Intel\WiFi\bin\;C:\Program Files\Common Files\Intel\WirelessCommon\;C:\apache-ant-1.9.4\bin;C:\Program Files\Microsoft SQL Server\Client SDK\ODBC\110\Tools\Binn\;C:\Program Files (x86)\Microsoft SQL Server\120\Tools\Binn\;C:\Program Files\Microsoft SQL Server\120\Tools\Binn\;C:\Program Files\Microsoft SQL Server\120\DTS\Binn\;C:\Program Files\Microsoft SQL Server\110\DTS\Binn\;C:\Program Files (x86)\Microsoft SQL Server\110\Tools\Binn\;C:\Program Files\Microsoft SQL Server\110\Tools\Binn\;C:\Program Files (x86)\Microsoft SQL Server\110\Tools\Binn\ManagementStudio\;C:\Program Files (x86)\Microsoft Visual Studio 10.0\Common7\IDE\PrivateAssemblies\;C:\Program Files (x86)\Microsoft SQL Server\110\DTS\Binn\;C:\Program Files\Intel\WiFi\bin\;C:\Program Files\Common Files\Intel\WirelessCommon\
USERNAME=simiyu
OS=Windows_NT
PROCESSOR_IDENTIFIER=Intel64 Family 6 Model 37 Stepping 5, GenuineIntel



---------------  S Y S T E M  ---------------

OS: Windows 7 , 64 bit Build 7601 Service Pack 1

CPU:total 4 (2 cores per cpu, 2 threads per core) family 6 model 37 stepping 5, cmov, cx8, fxsr, mmx, sse, sse2, sse3, ssse3, sse4.1, sse4.2, popcnt, ht

Memory: 4k page, physical 3983188k(317388k free), swap 8574036k(745056k free)

vm_info: Java HotSpot(TM) 64-Bit Server VM (20.45-b01) for windows-amd64 JRE (1.6.0_45-b06), built on Apr  1 2013 12:31:37 by "java_re" with MS VC++ 8.0 (VS2005)

time: Tue Feb 03 14:53:09 2015
elapsed time: 14588 seconds

